{"name": "test_successfull_login_courier[color2]", "status": "failed", "statusDetails": {"message": "AssertionError: assert 500 == 201\n +  where 500 = <Response [500]>.status_code", "trace": "self = <tests.test_create_order.TestCreateOrder object at 0x00000259608C4510>, color = ['BLACK']\n\n    @pytest.mark.parametrize('color',\n        [\n            [\"BLACK\", \"GREY\"],  # список с двумя цветами\n            [],                 # пустой список цветов\n            [\"BLACK\"]           # список с одним цветом\n        ])\n    def test_successfull_login_courier(self, color):\n        with allure.step(\"формирование тела запроса\"):\n            payload = {\n                \"firstName\": \"Naruto\",\n                \"lastName\": \"Uchiha\",\n                \"address\": \"Konoha, 142 apt.\",\n                \"metroStation\": 4,\n                \"phone\": \"+7 800 355 35 35\",\n                \"rentTime\": 5,\n                \"deliveryDate\": \"2020-06-06\",\n                \"comment\": \"Saske, come back to Konoha\",\n                \"color\": color\n            }\n        with allure.step(\"отправляем запрос на создание заказа и сохраняем ответ в переменную response\"):\n            response = requests.post(Path.ORDER, data=payload)\n        with allure.step(\"проверка кода и тела ответа\"):\n>           assert response.status_code == 201\nE           assert 500 == 201\nE            +  where 500 = <Response [500]>.status_code\n\ntests\\test_create_order.py:32: AssertionError"}, "steps": [{"name": "формирование тела запроса", "status": "passed", "start": 1757337441788, "stop": 1757337441788}, {"name": "отправляем запрос на создание заказа и сохраняем ответ в переменную response", "status": "passed", "start": 1757337441788, "stop": 1757337442111}, {"name": "проверка кода и тела ответа", "status": "failed", "statusDetails": {"message": "AssertionError: assert 500 == 201\n +  where 500 = <Response [500]>.status_code\n", "trace": "  File \"c:\\Users\\Dmitry\\Desktop\\Python YP\\Sprint_7\\tests\\test_create_order.py\", line 32, in test_successfull_login_courier\n    assert response.status_code == 201\n"}, "start": 1757337442111, "stop": 1757337442111}], "parameters": [{"name": "color", "value": "['BLACK']"}], "start": 1757337441788, "stop": 1757337442113, "uuid": "d3ec6d7f-0fae-4504-8e2b-c8e2e0453da9", "historyId": "c000aedbd14d21b685431e86f1f17b56", "testCaseId": "d3b1bb2ab8a946fdf57761161320193f", "fullName": "tests.test_create_order.TestCreateOrder#test_successfull_login_courier", "labels": [{"name": "parentSuite", "value": "tests"}, {"name": "suite", "value": "test_create_order"}, {"name": "subSuite", "value": "TestCreateOrder"}, {"name": "host", "value": "DESKTOP-A445VSF"}, {"name": "thread", "value": "14248-MainThread"}, {"name": "framework", "value": "pytest"}, {"name": "language", "value": "cpython3"}, {"name": "package", "value": "tests.test_create_order"}], "titlePath": ["tests", "test_create_order.py", "TestCreateOrder"]}