<?xml version="1.0" encoding="UTF-8"?>
<testsuite xmlns:xsi="http://www.w3.org/2001/XMLSchema-instance" xsi:noNamespaceSchemaLocation="https://maven.apache.org/surefire/maven-surefire-plugin/xsd/surefire-test-report.xsd" name="CreateCourierTests" time="1.841" tests="4" errors="0" skipped="0" failures="1">
  <properties>
[...]
</properties>
  <testcase name="createCourierWithOutLogin" classname="CreateCourierTests" time="0.178"/>
  <testcase name="createCourierTest" classname="CreateCourierTests" time="0.631"/>
  <testcase name="createCourierWithTheSameDate" classname="CreateCourierTests" time="0.821">
    <failure message="1 expectation failed.&#10;JSON path message doesn&apos;t match.&#10;Expected: Этот логин уже используется&#10;  Actual: Этот логин уже используется. Попробуйте другой.&#10;" type="java.lang.AssertionError">java.lang.AssertionError: 
1 expectation failed.
JSON path message doesn't match.
Expected: Этот логин уже используется
  Actual: Этот логин уже используется. Попробуйте другой.

	at CreateCourierTests.createCourierWithTheSameDate(CreateCourierTests.java:36)
</failure>
    <system-out><![CDATA[Request method:	POST
Request URI:	https://qa-scooter.praktikum-services.ru/api/v1/courier
Proxy:			<none>
Request params:	<none>
Query params:	<none>
Form params:	<none>
Path params:	<none>
Headers:		Accept=*/*
				Content-Type=application/json
Cookies:		<none>
Multiparts:		<none>
Body:
{
    "login": "Jack14984",
    "password": "P@ssw0rd123",
    "firstName": "Sparrow"
}
Request method:	POST
Request URI:	https://qa-scooter.praktikum-services.ru/api/v1/courier/login
Proxy:			<none>
Request params:	<none>
Query params:	<none>
Form params:	<none>
Path params:	<none>
Headers:		Accept=*/*
				Content-Type=application/json
Cookies:		<none>
Multiparts:		<none>
Body:
{
    "login": "Jack14984",
    "password": "P@ssw0rd123"
}
Request method:	POST
Request URI:	https://qa-scooter.praktikum-services.ru/api/v1/courier
Proxy:			<none>
Request params:	<none>
Query params:	<none>
Form params:	<none>
Path params:	<none>
Headers:		Accept=*/*
				Content-Type=application/json
Cookies:		<none>
Multiparts:		<none>
Body:
{
    "login": "Jack14984",
    "password": "P@ssw0rd123",
    "firstName": "Sparrow"
}
Request method:	DELETE
Request URI:	https://qa-scooter.praktikum-services.ru/api/v1/courier/481836
Proxy:			<none>
Request params:	<none>
Query params:	<none>
Form params:	<none>
Path params:	<none>
Headers:		Accept=*/*
				Content-Type=application/json
Cookies:		<none>
Multiparts:		<none>
Body:			<none>
]]></system-out>
  </testcase>
  <testcase name="createCourierWithOutPassword" classname="CreateCourierTests" time="0.208"/>
</testsuite>